<component name="libraryTable">
  <library name="JUnit">
    <CLASSES>
      <root url="jar://$PROJECT_DIR$/JUnit/hamcrest-core-1.3.jar!/" />
      <root url="jar://$PROJECT_DIR$/JUnit/hamcrest-core-1.3-javadoc.jar!/" />
      <root url="jar://$PROJECT_DIR$/JUnit/junit-4.13-javadoc.jar!/" />
      <root url="jar://$PROJECT_DIR$/JUnit/junit-4.13.jar!/" />
    </CLASSES>
    <JAVADOC />
    <SOURCES />
  </library>
</component>